//-------------------------- 4/6/2010 -- 21:54:33 -----
Processor Init:
   Intel (unknown, Pentium Pro/II/III family), ~2.40 Ghz
     (timed at roughly 2.40 Ghz)
   FPU detected
   MMX detected
   SSE detected
 
Math Init:
   Installing Standard C extensions
   Installing Assembly extensions
   Installing FPU extensions
   Installing MMX extensions
   Installing SSE extensions
 
Input Init:
   DirectInput enabled.

Initializing chunk mappings...
Could not load this GL function: glGenTextures
Could not load this GL function: glBindTexture
Could not load this GL function: glTexImage2D
Could not load this GL function: glTexParameteri
Could not load this GL function: glTexParameteri
Could not load this GL function: glTexParameteri
Could not load this GL function: glTexParameteri
Could not load this GL function: glGenTextures
Could not load this GL function: glBindTexture
Could not load this GL function: glTexImage2D
Could not load this GL function: glTexParameteri
Could not load this GL function: glTexParameteri
Could not load this GL function: glTexParameteri
Could not load this GL function: glTexParameteri
   o 'TEXT' maps to TextChunk
   o 'SCHK' maps to UnknownChunk
   o 'SCHK' maps to SimChunk
exec: Found an old DSO (C:/Users/Patrick/Desktop/TwoPlayerFill/common/main.cs.dso, ver 41 < -557122684), ignoring.
Compiling C:/Users/Patrick/Desktop/TwoPlayerFill/common/main.cs...
Loading compiled script C:/Users/Patrick/Desktop/TwoPlayerFill/common/main.cs.
exec: Found an old DSO (C:/Users/Patrick/Desktop/TwoPlayerFill/game/main.cs.dso, ver 41 < -557122684), ignoring.
Compiling C:/Users/Patrick/Desktop/TwoPlayerFill/game/main.cs...
Loading compiled script C:/Users/Patrick/Desktop/TwoPlayerFill/game/main.cs.
 % - Initializing Common
exec: Found an old DSO (C:/Users/Patrick/Desktop/TwoPlayerFill/common/preferences/defaultPrefs.cs.dso, ver 41 < -557122684), ignoring.
Compiling C:/Users/Patrick/Desktop/TwoPlayerFill/common/preferences/defaultPrefs.cs...
Loading compiled script C:/Users/Patrick/Desktop/TwoPlayerFill/common/preferences/defaultPrefs.cs.
Reading Display Device information...
   Primary Display Device Found:
      Vendor Id: VEN_0000
      Device Id: DEV_0000

Using OpenGL rendering. Fullscreen: 0

exec: Found an old DSO (C:/Users/Patrick/Desktop/TwoPlayerFill/common/gameScripts/xml.cs.dso, ver 41 < -557122684), ignoring.
Compiling C:/Users/Patrick/Desktop/TwoPlayerFill/common/gameScripts/xml.cs...
Loading compiled script C:/Users/Patrick/Desktop/TwoPlayerFill/common/gameScripts/xml.cs.
exec: Found an old DSO (C:/Users/Patrick/Desktop/TwoPlayerFill/common/gameScripts/properties.cs.dso, ver 41 < -557122684), ignoring.
Compiling C:/Users/Patrick/Desktop/TwoPlayerFill/common/gameScripts/properties.cs...
Loading compiled script C:/Users/Patrick/Desktop/TwoPlayerFill/common/gameScripts/properties.cs.
exec: Found an old DSO (C:/Users/Patrick/Desktop/TwoPlayerFill/common/gameScripts/common.cs.dso, ver 41 < -557122684), ignoring.
Compiling C:/Users/Patrick/Desktop/TwoPlayerFill/common/gameScripts/common.cs...
Loading compiled script C:/Users/Patrick/Desktop/TwoPlayerFill/common/gameScripts/common.cs.
exec: Found an old DSO (C:/Users/Patrick/Desktop/TwoPlayerFill/common/gameScripts/audio.cs.dso, ver 41 < -557122684), ignoring.
Compiling C:/Users/Patrick/Desktop/TwoPlayerFill/common/gameScripts/audio.cs...
Loading compiled script C:/Users/Patrick/Desktop/TwoPlayerFill/common/gameScripts/audio.cs.
exec: Found an old DSO (C:/Users/Patrick/Desktop/TwoPlayerFill/common/gameScripts/canvas.cs.dso, ver 41 < -557122684), ignoring.
Compiling C:/Users/Patrick/Desktop/TwoPlayerFill/common/gameScripts/canvas.cs...
Loading compiled script C:/Users/Patrick/Desktop/TwoPlayerFill/common/gameScripts/canvas.cs.
exec: Found an old DSO (C:/Users/Patrick/Desktop/TwoPlayerFill/common/gameScripts/cursor.cs.dso, ver 41 < -557122684), ignoring.
Compiling C:/Users/Patrick/Desktop/TwoPlayerFill/common/gameScripts/cursor.cs...
Loading compiled script C:/Users/Patrick/Desktop/TwoPlayerFill/common/gameScripts/cursor.cs.
Video Init:
   Accelerated OpenGL display device detected.
   Accelerated D3D device detected.
   Voodoo 2 display device not detected.

Activating the OpenGL display device...
Activating the OpenGL display device...
Setting screen mode to 800x600x32 (w)...
Creating a new window...
Acquiring a new device context...
Pixel format set:
  32 color bits, 24 depth bits, 8 stencil bits
Creating a new rendering context...
Making the new rendering context current...
OpenGL driver information:
  Vendor: NVIDIA Corporation
  Renderer: GeForce 8800 GT/PCI/SSE2
  Version: 3.2.0
OpenGL Init: Enabled Extensions
  ARB_multitexture (Max Texture Units: 4)
  EXT_blend_color
  EXT_blend_minmax
  EXT_compiled_vertex_array
  NV_vertex_array_range
  EXT_texture_env_combine
  EXT_packed_pixels
  EXT_fog_coord
  ARB_texture_compression
  EXT_texture_compression_s3tc
  (ARB|EXT)_texture_env_add
  EXT_texture_filter_anisotropic (Max anisotropy: 16)
  WGL_EXT_swap_control
OpenGL Init: Disabled Extensions
  EXT_paletted_texture
  3DFX_texture_compression_FXT1

Max Texture Size reported as: 8192
OpenAL Driver Init:
   Vendor: Creative Labs Inc.
   Version: OpenAL 1.0
   Renderer: Software
   Extensions: EAX 2.0, EAX 3.0, EAX Unified, and EAX-AC3

exec: Found an old DSO (C:/Users/Patrick/Desktop/TwoPlayerFill/common/gui/profiles.cs.dso, ver 41 < -557122684), ignoring.
Compiling C:/Users/Patrick/Desktop/TwoPlayerFill/common/gui/profiles.cs...
Loading compiled script C:/Users/Patrick/Desktop/TwoPlayerFill/common/gui/profiles.cs.
exec: Found an old DSO (C:/Users/Patrick/Desktop/TwoPlayerFill/common/gui/cursors.cs.dso, ver 41 < -557122684), ignoring.
Compiling C:/Users/Patrick/Desktop/TwoPlayerFill/common/gui/cursors.cs...
Loading compiled script C:/Users/Patrick/Desktop/TwoPlayerFill/common/gui/cursors.cs.
exec: Found an old DSO (C:/Users/Patrick/Desktop/TwoPlayerFill/common/gui/messageBoxOk.gui.dso, ver 41 < -557122684), ignoring.
Compiling C:/Users/Patrick/Desktop/TwoPlayerFill/common/gui/messageBoxOk.gui...
Loading compiled script C:/Users/Patrick/Desktop/TwoPlayerFill/common/gui/messageBoxOk.gui.
exec: Found an old DSO (C:/Users/Patrick/Desktop/TwoPlayerFill/common/gui/messageBoxYesNo.gui.dso, ver 41 < -557122684), ignoring.
Compiling C:/Users/Patrick/Desktop/TwoPlayerFill/common/gui/messageBoxYesNo.gui...
Loading compiled script C:/Users/Patrick/Desktop/TwoPlayerFill/common/gui/messageBoxYesNo.gui.
exec: Found an old DSO (C:/Users/Patrick/Desktop/TwoPlayerFill/common/gui/messageBoxYesNoCancel.gui.dso, ver 41 < -557122684), ignoring.
Compiling C:/Users/Patrick/Desktop/TwoPlayerFill/common/gui/messageBoxYesNoCancel.gui...
Loading compiled script C:/Users/Patrick/Desktop/TwoPlayerFill/common/gui/messageBoxYesNoCancel.gui.
exec: Found an old DSO (C:/Users/Patrick/Desktop/TwoPlayerFill/common/gui/messageBoxOKCancel.gui.dso, ver 41 < -557122684), ignoring.
Compiling C:/Users/Patrick/Desktop/TwoPlayerFill/common/gui/messageBoxOKCancel.gui...
Loading compiled script C:/Users/Patrick/Desktop/TwoPlayerFill/common/gui/messageBoxOKCancel.gui.
exec: Found an old DSO (C:/Users/Patrick/Desktop/TwoPlayerFill/common/gui/messageBoxOKCancelDetailsDlg.gui.dso, ver 41 < -557122684), ignoring.
Compiling C:/Users/Patrick/Desktop/TwoPlayerFill/common/gui/messageBoxOKCancelDetailsDlg.gui...
Loading compiled script C:/Users/Patrick/Desktop/TwoPlayerFill/common/gui/messageBoxOKCancelDetailsDlg.gui.
exec: Found an old DSO (C:/Users/Patrick/Desktop/TwoPlayerFill/common/gui/messagePopup.gui.dso, ver 41 < -557122684), ignoring.
Compiling C:/Users/Patrick/Desktop/TwoPlayerFill/common/gui/messagePopup.gui...
Loading compiled script C:/Users/Patrick/Desktop/TwoPlayerFill/common/gui/messagePopup.gui.
exec: Found an old DSO (C:/Users/Patrick/Desktop/TwoPlayerFill/common/gui/options.gui.dso, ver 41 < -557122684), ignoring.
Compiling C:/Users/Patrick/Desktop/TwoPlayerFill/common/gui/options.gui...
Loading compiled script C:/Users/Patrick/Desktop/TwoPlayerFill/common/gui/options.gui.
exec: Found an old DSO (C:/Users/Patrick/Desktop/TwoPlayerFill/common/gui/remap.gui.dso, ver 41 < -557122684), ignoring.
Compiling C:/Users/Patrick/Desktop/TwoPlayerFill/common/gui/remap.gui...
Loading compiled script C:/Users/Patrick/Desktop/TwoPlayerFill/common/gui/remap.gui.
exec: Found an old DSO (C:/Users/Patrick/Desktop/TwoPlayerFill/common/gui/console.gui.dso, ver 41 < -557122684), ignoring.
Compiling C:/Users/Patrick/Desktop/TwoPlayerFill/common/gui/console.gui...
Loading compiled script C:/Users/Patrick/Desktop/TwoPlayerFill/common/gui/console.gui.
exec: Found an old DSO (C:/Users/Patrick/Desktop/TwoPlayerFill/common/gui/NetworkMenu.gui.dso, ver 41 < -557122684), ignoring.
Compiling C:/Users/Patrick/Desktop/TwoPlayerFill/common/gui/NetworkMenu.gui...
Loading compiled script C:/Users/Patrick/Desktop/TwoPlayerFill/common/gui/NetworkMenu.gui.
exec: Found an old DSO (C:/Users/Patrick/Desktop/TwoPlayerFill/common/gui/startServer.gui.dso, ver 41 < -557122684), ignoring.
Compiling C:/Users/Patrick/Desktop/TwoPlayerFill/common/gui/startServer.gui...
Loading compiled script C:/Users/Patrick/Desktop/TwoPlayerFill/common/gui/startServer.gui.
exec: Found an old DSO (C:/Users/Patrick/Desktop/TwoPlayerFill/common/gui/joinServer.gui.dso, ver 41 < -557122684), ignoring.
Compiling C:/Users/Patrick/Desktop/TwoPlayerFill/common/gui/joinServer.gui...
Loading compiled script C:/Users/Patrick/Desktop/TwoPlayerFill/common/gui/joinServer.gui.
exec: Found an old DSO (C:/Users/Patrick/Desktop/TwoPlayerFill/common/gui/waitingForServer.gui.dso, ver 41 < -557122684), ignoring.
Compiling C:/Users/Patrick/Desktop/TwoPlayerFill/common/gui/waitingForServer.gui...
Loading compiled script C:/Users/Patrick/Desktop/TwoPlayerFill/common/gui/waitingForServer.gui.
exec: Found an old DSO (C:/Users/Patrick/Desktop/TwoPlayerFill/common/gui/helpDlg.gui.dso, ver 41 < -557122684), ignoring.
Compiling C:/Users/Patrick/Desktop/TwoPlayerFill/common/gui/helpDlg.gui...
Loading compiled script C:/Users/Patrick/Desktop/TwoPlayerFill/common/gui/helpDlg.gui.
exec: Found an old DSO (C:/Users/Patrick/Desktop/TwoPlayerFill/common/gui/messageBox.cs.dso, ver 41 < -557122684), ignoring.
Compiling C:/Users/Patrick/Desktop/TwoPlayerFill/common/gui/messageBox.cs...
Loading compiled script C:/Users/Patrick/Desktop/TwoPlayerFill/common/gui/messageBox.cs.
exec: Found an old DSO (C:/Users/Patrick/Desktop/TwoPlayerFill/common/gui/help.cs.dso, ver 41 < -557122684), ignoring.
Compiling C:/Users/Patrick/Desktop/TwoPlayerFill/common/gui/help.cs...
Loading compiled script C:/Users/Patrick/Desktop/TwoPlayerFill/common/gui/help.cs.
exec: Found an old DSO (C:/Users/Patrick/Desktop/TwoPlayerFill/common/gui/chatGui.gui.dso, ver 41 < -557122684), ignoring.
Compiling C:/Users/Patrick/Desktop/TwoPlayerFill/common/gui/chatGui.gui...
Loading compiled script C:/Users/Patrick/Desktop/TwoPlayerFill/common/gui/chatGui.gui.
exec: Found an old DSO (C:/Users/Patrick/Desktop/TwoPlayerFill/common/gameScripts/screenshot.cs.dso, ver 41 < -557122684), ignoring.
Compiling C:/Users/Patrick/Desktop/TwoPlayerFill/common/gameScripts/screenshot.cs...
Loading compiled script C:/Users/Patrick/Desktop/TwoPlayerFill/common/gameScripts/screenshot.cs.
exec: Found an old DSO (C:/Users/Patrick/Desktop/TwoPlayerFill/common/gameScripts/metrics.cs.dso, ver 41 < -557122684), ignoring.
Compiling C:/Users/Patrick/Desktop/TwoPlayerFill/common/gameScripts/metrics.cs...
Loading compiled script C:/Users/Patrick/Desktop/TwoPlayerFill/common/gameScripts/metrics.cs.
exec: Found an old DSO (C:/Users/Patrick/Desktop/TwoPlayerFill/common/Gui/FrameOverlayGui.gui.dso, ver 41 < -557122684), ignoring.
Compiling C:/Users/Patrick/Desktop/TwoPlayerFill/common/Gui/FrameOverlayGui.gui...
Loading compiled script C:/Users/Patrick/Desktop/TwoPlayerFill/common/Gui/FrameOverlayGui.gui.
exec: Found an old DSO (C:/Users/Patrick/Desktop/TwoPlayerFill/common/gameScripts/scriptDoc.cs.dso, ver 41 < -557122684), ignoring.
Compiling C:/Users/Patrick/Desktop/TwoPlayerFill/common/gameScripts/scriptDoc.cs...
Loading compiled script C:/Users/Patrick/Desktop/TwoPlayerFill/common/gameScripts/scriptDoc.cs.
exec: Found an old DSO (C:/Users/Patrick/Desktop/TwoPlayerFill/common/gameScripts/keybindings.cs.dso, ver 41 < -557122684), ignoring.
Compiling C:/Users/Patrick/Desktop/TwoPlayerFill/common/gameScripts/keybindings.cs...
Loading compiled script C:/Users/Patrick/Desktop/TwoPlayerFill/common/gameScripts/keybindings.cs.
exec: Found an old DSO (C:/Users/Patrick/Desktop/TwoPlayerFill/common/gameScripts/options.cs.dso, ver 41 < -557122684), ignoring.
Compiling C:/Users/Patrick/Desktop/TwoPlayerFill/common/gameScripts/options.cs...
Loading compiled script C:/Users/Patrick/Desktop/TwoPlayerFill/common/gameScripts/options.cs.
exec: Found an old DSO (C:/Users/Patrick/Desktop/TwoPlayerFill/common/gameScripts/levelManagement.cs.dso, ver 41 < -557122684), ignoring.
Compiling C:/Users/Patrick/Desktop/TwoPlayerFill/common/gameScripts/levelManagement.cs...
Loading compiled script C:/Users/Patrick/Desktop/TwoPlayerFill/common/gameScripts/levelManagement.cs.
exec: Found an old DSO (C:/Users/Patrick/Desktop/TwoPlayerFill/common/gameScripts/projectManagement.cs.dso, ver 41 < -557122684), ignoring.
Compiling C:/Users/Patrick/Desktop/TwoPlayerFill/common/gameScripts/projectManagement.cs...
Loading compiled script C:/Users/Patrick/Desktop/TwoPlayerFill/common/gameScripts/projectManagement.cs.
exec: Found an old DSO (C:/Users/Patrick/Desktop/TwoPlayerFill/common/gameScripts/projectResources.cs.dso, ver 41 < -557122684), ignoring.
Compiling C:/Users/Patrick/Desktop/TwoPlayerFill/common/gameScripts/projectResources.cs...
Loading compiled script C:/Users/Patrick/Desktop/TwoPlayerFill/common/gameScripts/projectResources.cs.
exec: Found an old DSO (C:/Users/Patrick/Desktop/TwoPlayerFill/common/gameScripts/align.cs.dso, ver 41 < -557122684), ignoring.
Compiling C:/Users/Patrick/Desktop/TwoPlayerFill/common/gameScripts/align.cs...
Loading compiled script C:/Users/Patrick/Desktop/TwoPlayerFill/common/gameScripts/align.cs.

Torque Game Builder (v1.7.4) initialized...
exec: Found an old DSO (C:/Users/Patrick/Desktop/TwoPlayerFill/game/managed/datablocks.cs.dso, ver 41 < -557122684), ignoring.
Compiling C:/Users/Patrick/Desktop/TwoPlayerFill/game/managed/datablocks.cs...
Loading compiled script C:/Users/Patrick/Desktop/TwoPlayerFill/game/managed/datablocks.cs.
exec: Found an old DSO (C:/Users/Patrick/Desktop/TwoPlayerFill/game/managed/persistent.cs.dso, ver 41 < -557122684), ignoring.
Compiling C:/Users/Patrick/Desktop/TwoPlayerFill/game/managed/persistent.cs...
Loading compiled script C:/Users/Patrick/Desktop/TwoPlayerFill/game/managed/persistent.cs.
Compiling C:/Users/Patrick/Desktop/TwoPlayerFill/game/managed/brushes.cs...
Loading compiled script C:/Users/Patrick/Desktop/TwoPlayerFill/game/managed/brushes.cs.
exec: Found an old DSO (C:/Users/Patrick/Desktop/TwoPlayerFill/game/gameScripts/datablocks.cs.dso, ver 41 < -557122684), ignoring.
Compiling C:/Users/Patrick/Desktop/TwoPlayerFill/game/gameScripts/datablocks.cs...
Loading compiled script C:/Users/Patrick/Desktop/TwoPlayerFill/game/gameScripts/datablocks.cs.
exec: Found an old DSO (C:/Users/Patrick/Desktop/TwoPlayerFill/game/gameScripts/guiProfiles.cs.dso, ver 41 < -557122684), ignoring.
Compiling C:/Users/Patrick/Desktop/TwoPlayerFill/game/gameScripts/guiProfiles.cs...
Loading compiled script C:/Users/Patrick/Desktop/TwoPlayerFill/game/gameScripts/guiProfiles.cs.
exec: Found an old DSO (C:/Users/Patrick/Desktop/TwoPlayerFill/game/gui/mainScreen.gui.dso, ver 41 < -557122684), ignoring.
Compiling C:/Users/Patrick/Desktop/TwoPlayerFill/game/gui/mainScreen.gui...
Loading compiled script C:/Users/Patrick/Desktop/TwoPlayerFill/game/gui/mainScreen.gui.
exec: Found an old DSO (C:/Users/Patrick/Desktop/TwoPlayerFill/game/gameScripts/game.cs.dso, ver 41 < -557122684), ignoring.
Compiling C:/Users/Patrick/Desktop/TwoPlayerFill/game/gameScripts/game.cs...
Loading compiled script C:/Users/Patrick/Desktop/TwoPlayerFill/game/gameScripts/game.cs.
exec: Found an old DSO (C:/Users/Patrick/Desktop/TwoPlayerFill/game/gameScripts/timer.cs.dso, ver 41 < -557122684), ignoring.
Compiling C:/Users/Patrick/Desktop/TwoPlayerFill/game/gameScripts/timer.cs...
Loading compiled script C:/Users/Patrick/Desktop/TwoPlayerFill/game/gameScripts/timer.cs.
exec: Found an old DSO (C:/Users/Patrick/Desktop/TwoPlayerFill/game/gameScripts/stack.cs.dso, ver 41 < -557122684), ignoring.
Compiling C:/Users/Patrick/Desktop/TwoPlayerFill/game/gameScripts/stack.cs...
Loading compiled script C:/Users/Patrick/Desktop/TwoPlayerFill/game/gameScripts/stack.cs.
exec: Found an old DSO (C:/Users/Patrick/Desktop/TwoPlayerFill/game/gameScripts/fillGrid.cs.dso, ver 41 < -557122684), ignoring.
Compiling C:/Users/Patrick/Desktop/TwoPlayerFill/game/gameScripts/fillGrid.cs...
Loading compiled script C:/Users/Patrick/Desktop/TwoPlayerFill/game/gameScripts/fillGrid.cs.
exec: Found an old DSO (C:/Users/Patrick/Desktop/TwoPlayerFill/game/gameScripts/fillButton.cs.dso, ver 41 < -557122684), ignoring.
Compiling C:/Users/Patrick/Desktop/TwoPlayerFill/game/gameScripts/fillButton.cs...
Loading compiled script C:/Users/Patrick/Desktop/TwoPlayerFill/game/gameScripts/fillButton.cs.
Activating DirectInput...
DirectInput joystick failed to enable!
exec: Found an old DSO (C:/Users/Patrick/Desktop/TwoPlayerFill/game/data/levels/untitled.t2d.dso, ver 41 < -557122684), ignoring.
Compiling C:/Users/Patrick/Desktop/TwoPlayerFill/game/data/levels/untitled.t2d...
Loading compiled script C:/Users/Patrick/Desktop/TwoPlayerFill/game/data/levels/untitled.t2d.
DirectInput deactivated.
Shutting down the OpenGL display device...
Making the GL rendering context not current...
Deleting the GL rendering context...
Releasing the device context...
